{"contracts\\IdleYieldSource.sol":{"l":{"62":20,"63":20,"65":20,"66":20,"72":2,"78":2,"79":2,"85":33,"92":11,"93":11,"94":3,"96":8,"98":11,"105":7,"106":7,"107":1,"109":6,"111":7,"118":5,"119":4,"120":3,"127":3,"128":2,"129":2,"130":2,"137":3,"138":3,"139":1,"140":1,"141":1,"142":1,"143":1,"144":1,"151":2,"152":1},"path":"C:\\Blockchain\\Projects\\Gitcoin\\pooltogether-idle\\idle-pooltogether-2\\contracts\\IdleYieldSource.sol","s":{"1":20,"2":20,"3":20,"4":20,"5":2,"6":2,"7":0,"8":2,"9":33,"10":11,"11":11,"12":3,"13":8,"14":11,"15":7,"16":7,"17":1,"18":6,"19":7,"20":5,"21":4,"22":3,"23":3,"24":2,"25":2,"26":2,"27":3,"28":3,"29":1,"30":1,"31":1,"32":1,"33":1,"34":1,"35":2,"36":1},"b":{"1":[0,2],"2":[3,8],"3":[1,6],"4":[1,2]},"f":{"1":20,"2":2,"3":2,"4":33,"5":11,"6":7,"7":5,"8":3,"9":3,"10":2},"fnMap":{"1":{"name":"initialize","line":60,"loc":{"start":{"line":58,"column":4},"end":{"line":67,"column":4}}},"2":{"name":"depositToken","line":71,"loc":{"start":{"line":71,"column":4},"end":{"line":73,"column":4}}},"3":{"name":"balanceOfToken","line":77,"loc":{"start":{"line":77,"column":4},"end":{"line":80,"column":4}}},"4":{"name":"_totalShare","line":84,"loc":{"start":{"line":84,"column":4},"end":{"line":86,"column":4}}},"5":{"name":"_tokenToShares","line":91,"loc":{"start":{"line":91,"column":4},"end":{"line":99,"column":4}}},"6":{"name":"_sharesToToken","line":104,"loc":{"start":{"line":104,"column":4},"end":{"line":112,"column":4}}},"7":{"name":"_depositToIdle","line":117,"loc":{"start":{"line":117,"column":4},"end":{"line":121,"column":4}}},"8":{"name":"supplyTokenTo","line":126,"loc":{"start":{"line":126,"column":4},"end":{"line":131,"column":4}}},"9":{"name":"redeemToken","line":136,"loc":{"start":{"line":136,"column":4},"end":{"line":145,"column":4}}},"10":{"name":"sponsor","line":150,"loc":{"start":{"line":150,"column":4},"end":{"line":153,"column":4}}}},"statementMap":{"1":{"start":{"line":62,"column":8},"end":{"line":62,"column":29}},"2":{"start":{"line":63,"column":8},"end":{"line":63,"column":54}},"3":{"start":{"line":65,"column":8},"end":{"line":65,"column":76}},"4":{"start":{"line":66,"column":8},"end":{"line":66,"column":50}},"5":{"start":{"line":72,"column":8},"end":{"line":72,"column":32}},"6":{"start":{"line":78,"column":8},"end":{"line":78,"column":41}},"7":{"start":{"line":78,"column":33},"end":{"line":78,"column":41}},"8":{"start":{"line":79,"column":8},"end":{"line":79,"column":45}},"9":{"start":{"line":85,"column":8},"end":{"line":85,"column":61}},"10":{"start":{"line":92,"column":8},"end":{"line":92,"column":26}},"11":{"start":{"line":93,"column":8},"end":{"line":93,"column":3517}},"12":{"start":{"line":94,"column":12},"end":{"line":94,"column":26}},"13":{"start":{"line":96,"column":12},"end":{"line":96,"column":69}},"14":{"start":{"line":98,"column":8},"end":{"line":98,"column":21}},"15":{"start":{"line":105,"column":8},"end":{"line":105,"column":26}},"16":{"start":{"line":106,"column":8},"end":{"line":106,"column":3979}},"17":{"start":{"line":107,"column":12},"end":{"line":107,"column":26}},"18":{"start":{"line":109,"column":12},"end":{"line":109,"column":68}},"19":{"start":{"line":111,"column":8},"end":{"line":111,"column":21}},"20":{"start":{"line":118,"column":8},"end":{"line":118,"column":97}},"21":{"start":{"line":119,"column":8},"end":{"line":119,"column":97}},"22":{"start":{"line":120,"column":8},"end":{"line":120,"column":27}},"23":{"start":{"line":127,"column":8},"end":{"line":127,"column":57}},"24":{"start":{"line":128,"column":8},"end":{"line":128,"column":49}},"25":{"start":{"line":129,"column":8},"end":{"line":129,"column":65}},"26":{"start":{"line":130,"column":8},"end":{"line":130,"column":70}},"27":{"start":{"line":137,"column":8},"end":{"line":137,"column":57}},"28":{"start":{"line":138,"column":8},"end":{"line":138,"column":87}},"29":{"start":{"line":139,"column":8},"end":{"line":139,"column":91}},"30":{"start":{"line":140,"column":8},"end":{"line":140,"column":63}},"31":{"start":{"line":141,"column":8},"end":{"line":141,"column":67}},"32":{"start":{"line":142,"column":8},"end":{"line":142,"column":91}},"33":{"start":{"line":143,"column":8},"end":{"line":143,"column":64}},"34":{"start":{"line":144,"column":8},"end":{"line":144,"column":38}},"35":{"start":{"line":151,"column":8},"end":{"line":151,"column":29}},"36":{"start":{"line":152,"column":8},"end":{"line":152,"column":42}}},"branchMap":{"1":{"line":78,"type":"if","locations":[{"start":{"line":78,"column":8},"end":{"line":78,"column":8}},{"start":{"line":78,"column":8},"end":{"line":78,"column":8}}]},"2":{"line":93,"type":"if","locations":[{"start":{"line":93,"column":8},"end":{"line":93,"column":8}},{"start":{"line":93,"column":8},"end":{"line":93,"column":8}}]},"3":{"line":106,"type":"if","locations":[{"start":{"line":106,"column":8},"end":{"line":106,"column":8}},{"start":{"line":106,"column":8},"end":{"line":106,"column":8}}]},"4":{"line":138,"type":"if","locations":[{"start":{"line":138,"column":8},"end":{"line":138,"column":8}},{"start":{"line":138,"column":8},"end":{"line":138,"column":8}}]}}},"contracts\\interfaces\\GenericProxyFactory\\IGenericProxyFactory.sol":{"l":{},"path":"C:\\Blockchain\\Projects\\Gitcoin\\pooltogether-idle\\idle-pooltogether-2\\contracts\\interfaces\\GenericProxyFactory\\IGenericProxyFactory.sol","s":{},"b":{},"f":{},"fnMap":{},"statementMap":{},"branchMap":{}},"contracts\\interfaces\\idle\\IIdleToken.sol":{"l":{},"path":"C:\\Blockchain\\Projects\\Gitcoin\\pooltogether-idle\\idle-pooltogether-2\\contracts\\interfaces\\idle\\IIdleToken.sol","s":{},"b":{},"f":{},"fnMap":{},"statementMap":{},"branchMap":{}},"contracts\\interfaces\\idle\\IIdleTokenHelper.sol":{"l":{},"path":"C:\\Blockchain\\Projects\\Gitcoin\\pooltogether-idle\\idle-pooltogether-2\\contracts\\interfaces\\idle\\IIdleTokenHelper.sol","s":{},"b":{},"f":{},"fnMap":{},"statementMap":{},"branchMap":{}},"contracts\\interfaces\\pooltogether\\IProtocolYieldSource.sol":{"l":{},"path":"C:\\Blockchain\\Projects\\Gitcoin\\pooltogether-idle\\idle-pooltogether-2\\contracts\\interfaces\\pooltogether\\IProtocolYieldSource.sol","s":{},"b":{},"f":{},"fnMap":{},"statementMap":{},"branchMap":{}},"contracts\\interfaces\\pooltogether\\IYieldSource.sol":{"l":{},"path":"C:\\Blockchain\\Projects\\Gitcoin\\pooltogether-idle\\idle-pooltogether-2\\contracts\\interfaces\\pooltogether\\IYieldSource.sol","s":{},"b":{},"f":{},"fnMap":{},"statementMap":{},"branchMap":{}}}