{"contracts\\IdleYieldSource.sol":{"l":{"60":24,"62":24,"63":24,"65":24,"66":24,"72":2,"78":2,"84":1,"91":14,"98":7,"104":21,"111":4,"112":4,"119":3,"120":2,"121":2,"122":2,"129":3,"130":3,"131":1,"132":1,"133":1,"142":3,"143":2,"144":2,"151":2,"152":1},"path":"C:\\Blockchain\\Projects\\Gitcoin\\pooltogether-idle\\idle-pooltogether-2\\contracts\\IdleYieldSource.sol","s":{"1":24,"2":24,"3":24,"4":24,"5":24,"6":2,"7":2,"8":1,"9":14,"10":7,"11":21,"12":4,"13":4,"14":3,"15":2,"16":2,"17":2,"18":3,"19":3,"20":1,"21":1,"22":1,"23":3,"24":2,"25":2,"26":2,"27":1},"b":{"1":[2,1]},"f":{"1":24,"2":2,"3":2,"4":1,"5":14,"6":7,"7":21,"8":4,"9":3,"10":3,"11":3,"12":2},"fnMap":{"1":{"name":"initialize","line":58,"loc":{"start":{"line":56,"column":4},"end":{"line":67,"column":4}}},"2":{"name":"depositToken","line":71,"loc":{"start":{"line":71,"column":4},"end":{"line":73,"column":4}}},"3":{"name":"balanceOfToken","line":77,"loc":{"start":{"line":77,"column":4},"end":{"line":79,"column":4}}},"4":{"name":"_totalShare","line":83,"loc":{"start":{"line":83,"column":4},"end":{"line":85,"column":4}}},"5":{"name":"_tokenToShares","line":90,"loc":{"start":{"line":90,"column":4},"end":{"line":92,"column":4}}},"6":{"name":"_sharesToToken","line":97,"loc":{"start":{"line":97,"column":4},"end":{"line":99,"column":4}}},"7":{"name":"_price","line":103,"loc":{"start":{"line":103,"column":4},"end":{"line":105,"column":4}}},"8":{"name":"_depositToIdle","line":110,"loc":{"start":{"line":110,"column":4},"end":{"line":113,"column":4}}},"9":{"name":"supplyTokenTo","line":118,"loc":{"start":{"line":118,"column":4},"end":{"line":123,"column":4}}},"10":{"name":"redeemToken","line":128,"loc":{"start":{"line":128,"column":4},"end":{"line":134,"column":4}}},"11":{"name":"transferERC20","line":141,"loc":{"start":{"line":141,"column":4},"end":{"line":145,"column":4}}},"12":{"name":"sponsor","line":150,"loc":{"start":{"line":150,"column":4},"end":{"line":153,"column":4}}}},"statementMap":{"1":{"start":{"line":60,"column":8},"end":{"line":60,"column":23}},"2":{"start":{"line":62,"column":8},"end":{"line":62,"column":29}},"3":{"start":{"line":63,"column":8},"end":{"line":63,"column":54}},"4":{"start":{"line":65,"column":8},"end":{"line":65,"column":83}},"5":{"start":{"line":66,"column":8},"end":{"line":66,"column":50}},"6":{"start":{"line":72,"column":8},"end":{"line":72,"column":30}},"7":{"start":{"line":78,"column":8},"end":{"line":78,"column":46}},"8":{"start":{"line":84,"column":8},"end":{"line":84,"column":61}},"9":{"start":{"line":91,"column":8},"end":{"line":91,"column":52}},"10":{"start":{"line":98,"column":8},"end":{"line":98,"column":52}},"11":{"start":{"line":104,"column":6},"end":{"line":104,"column":67}},"12":{"start":{"line":111,"column":8},"end":{"line":111,"column":97}},"13":{"start":{"line":112,"column":8},"end":{"line":112,"column":81}},"14":{"start":{"line":119,"column":8},"end":{"line":119,"column":62}},"15":{"start":{"line":120,"column":8},"end":{"line":120,"column":33}},"16":{"start":{"line":121,"column":8},"end":{"line":121,"column":35}},"17":{"start":{"line":122,"column":8},"end":{"line":122,"column":75}},"18":{"start":{"line":129,"column":8},"end":{"line":129,"column":60}},"19":{"start":{"line":130,"column":8},"end":{"line":130,"column":39}},"20":{"start":{"line":131,"column":8},"end":{"line":131,"column":85}},"21":{"start":{"line":132,"column":8},"end":{"line":132,"column":91}},"22":{"start":{"line":133,"column":8},"end":{"line":133,"column":67}},"23":{"start":{"line":142,"column":8},"end":{"line":142,"column":87}},"24":{"start":{"line":143,"column":8},"end":{"line":143,"column":61}},"25":{"start":{"line":144,"column":8},"end":{"line":144,"column":65}},"26":{"start":{"line":151,"column":8},"end":{"line":151,"column":29}},"27":{"start":{"line":152,"column":8},"end":{"line":152,"column":42}}},"branchMap":{"1":{"line":142,"type":"if","locations":[{"start":{"line":142,"column":8},"end":{"line":142,"column":8}},{"start":{"line":142,"column":8},"end":{"line":142,"column":8}}]}}},"contracts\\interfaces\\GenericProxyFactory\\IGenericProxyFactory.sol":{"l":{},"path":"C:\\Blockchain\\Projects\\Gitcoin\\pooltogether-idle\\idle-pooltogether-2\\contracts\\interfaces\\GenericProxyFactory\\IGenericProxyFactory.sol","s":{},"b":{},"f":{},"fnMap":{},"statementMap":{},"branchMap":{}},"contracts\\interfaces\\idle\\IIdleToken.sol":{"l":{},"path":"C:\\Blockchain\\Projects\\Gitcoin\\pooltogether-idle\\idle-pooltogether-2\\contracts\\interfaces\\idle\\IIdleToken.sol","s":{},"b":{},"f":{},"fnMap":{},"statementMap":{},"branchMap":{}},"contracts\\interfaces\\idle\\IIdleTokenHelper.sol":{"l":{},"path":"C:\\Blockchain\\Projects\\Gitcoin\\pooltogether-idle\\idle-pooltogether-2\\contracts\\interfaces\\idle\\IIdleTokenHelper.sol","s":{},"b":{},"f":{},"fnMap":{},"statementMap":{},"branchMap":{}},"contracts\\interfaces\\pooltogether\\IProtocolYieldSource.sol":{"l":{},"path":"C:\\Blockchain\\Projects\\Gitcoin\\pooltogether-idle\\idle-pooltogether-2\\contracts\\interfaces\\pooltogether\\IProtocolYieldSource.sol","s":{},"b":{},"f":{},"fnMap":{},"statementMap":{},"branchMap":{}},"contracts\\interfaces\\pooltogether\\IYieldSource.sol":{"l":{},"path":"C:\\Blockchain\\Projects\\Gitcoin\\pooltogether-idle\\idle-pooltogether-2\\contracts\\interfaces\\pooltogether\\IYieldSource.sol","s":{},"b":{},"f":{},"fnMap":{},"statementMap":{},"branchMap":{}}}