{
"contracts\\IdleYieldSource.sol":{"l":{"62":24,"64":24,"65":24,"67":24,"68":24,"74":2,"80":2,"81":2,"87":33,"94":11,"95":11,"96":3,"98":8,"100":11,"107":7,"108":7,"109":1,"111":6,"113":7,"120":5,"121":4,"122":3,"129":3,"130":2,"131":2,"132":2,"139":3,"140":3,"141":1,"142":1,"143":1,"144":1,"145":1,"154":3,"155":2,"156":2,"163":2,"164":1},"path":"C:\\Blockchain\\Projects\\Gitcoin\\pooltogether-idle\\idle-pooltogether-2\\contracts\\IdleYieldSource.sol","s":{"1":24,"2":24,"3":24,"4":24,"5":24,"6":2,"7":2,"8":0,"9":2,"10":33,"11":11,"12":11,"13":3,"14":8,"15":11,"16":7,"17":7,"18":1,"19":6,"20":7,"21":5,"22":4,"23":3,"24":3,"25":2,"26":2,"27":2,"28":3,"29":3,"30":1,"31":1,"32":1,"33":1,"34":1,"35":3,"36":2,"37":2,"38":2,"39":1},"b":{"1":[0,2],"2":[3,8],"3":[1,6],"4":[2,1]},"f":{"1":24,"2":2,"3":2,"4":33,"5":11,"6":7,"7":5,"8":3,"9":3,"10":3,"11":2},"fnMap":{"1":{"name":"initialize","line":60,"loc":{"start":{"line":58,"column":4},"end":{"line":69,"column":4}}},"2":{"name":"depositToken","line":73,"loc":{"start":{"line":73,"column":4},"end":{"line":75,"column":4}}},"3":{"name":"balanceOfToken","line":79,"loc":{"start":{"line":79,"column":4},"end":{"line":82,"column":4}}},"4":{"name":"_totalShare","line":86,"loc":{"start":{"line":86,"column":4},"end":{"line":88,"column":4}}},"5":{"name":"_tokenToShares","line":93,"loc":{"start":{"line":93,"column":4},"end":{"line":101,"column":4}}},"6":{"name":"_sharesToToken","line":106,"loc":{"start":{"line":106,"column":4},"end":{"line":114,"column":4}}},"7":{"name":"_depositToIdle","line":119,"loc":{"start":{"line":119,"column":4},"end":{"line":123,"column":4}}},"8":{"name":"supplyTokenTo","line":128,"loc":{"start":{"line":128,"column":4},"end":{"line":133,"column":4}}},"9":{"name":"redeemToken","line":138,"loc":{"start":{"line":138,"column":4},"end":{"line":146,"column":4}}},"10":{"name":"transferERC20","line":153,"loc":{"start":{"line":153,"column":4},"end":{"line":157,"column":4}}},"11":{"name":"sponsor","line":162,"loc":{"start":{"line":162,"column":4},"end":{"line":165,"column":4}}}},"statementMap":{"1":{"start":{"line":62,"column":8},"end":{"line":62,"column":23}},"2":{"start":{"line":64,"column":8},"end":{"line":64,"column":29}},"3":{"start":{"line":65,"column":8},"end":{"line":65,"column":54}},"4":{"start":{"line":67,"column":8},"end":{"line":67,"column":76}},"5":{"start":{"line":68,"column":8},"end":{"line":68,"column":50}},"6":{"start":{"line":74,"column":8},"end":{"line":74,"column":32}},"7":{"start":{"line":80,"column":8},"end":{"line":80,"column":41}},"8":{"start":{"line":80,"column":33},"end":{"line":80,"column":41}},"9":{"start":{"line":81,"column":8},"end":{"line":81,"column":45}},"10":{"start":{"line":87,"column":8},"end":{"line":87,"column":61}},"11":{"start":{"line":94,"column":8},"end":{"line":94,"column":26}},"12":{"start":{"line":95,"column":8},"end":{"line":95,"column":3540}},"13":{"start":{"line":96,"column":12},"end":{"line":96,"column":26}},"14":{"start":{"line":98,"column":12},"end":{"line":98,"column":69}},"15":{"start":{"line":100,"column":8},"end":{"line":100,"column":21}},"16":{"start":{"line":107,"column":8},"end":{"line":107,"column":26}},"17":{"start":{"line":108,"column":8},"end":{"line":108,"column":4002}},"18":{"start":{"line":109,"column":12},"end":{"line":109,"column":26}},"19":{"start":{"line":111,"column":12},"end":{"line":111,"column":68}},"20":{"start":{"line":113,"column":8},"end":{"line":113,"column":21}},"21":{"start":{"line":120,"column":8},"end":{"line":120,"column":97}},"22":{"start":{"line":121,"column":8},"end":{"line":121,"column":97}},"23":{"start":{"line":122,"column":8},"end":{"line":122,"column":27}},"24":{"start":{"line":129,"column":8},"end":{"line":129,"column":57}},"25":{"start":{"line":130,"column":8},"end":{"line":130,"column":49}},"26":{"start":{"line":131,"column":8},"end":{"line":131,"column":65}},"27":{"start":{"line":132,"column":8},"end":{"line":132,"column":70}},"28":{"start":{"line":139,"column":8},"end":{"line":139,"column":57}},"29":{"start":{"line":140,"column":8},"end":{"line":140,"column":63}},"30":{"start":{"line":141,"column":8},"end":{"line":141,"column":67}},"31":{"start":{"line":142,"column":8},"end":{"line":142,"column":91}},"32":{"start":{"line":143,"column":8},"end":{"line":143,"column":91}},"33":{"start":{"line":144,"column":8},"end":{"line":144,"column":64}},"34":{"start":{"line":145,"column":8},"end":{"line":145,"column":38}},"35":{"start":{"line":154,"column":8},"end":{"line":154,"column":105}},"36":{"start":{"line":155,"column":8},"end":{"line":155,"column":61}},"37":{"start":{"line":156,"column":8},"end":{"line":156,"column":65}},"38":{"start":{"line":163,"column":8},"end":{"line":163,"column":29}},"39":{"start":{"line":164,"column":8},"end":{"line":164,"column":42}}},"branchMap":{"1":{"line":80,"type":"if","locations":[{"start":{"line":80,"column":8},"end":{"line":80,"column":8}},{"start":{"line":80,"column":8},"end":{"line":80,"column":8}}]},"2":{"line":95,"type":"if","locations":[{"start":{"line":95,"column":8},"end":{"line":95,"column":8}},{"start":{"line":95,"column":8},"end":{"line":95,"column":8}}]},"3":{"line":108,"type":"if","locations":[{"start":{"line":108,"column":8},"end":{"line":108,"column":8}},{"start":{"line":108,"column":8},"end":{"line":108,"column":8}}]},"4":{"line":154,"type":"if","locations":[{"start":{"line":154,"column":8},"end":{"line":154,"column":8}},{"start":{"line":154,"column":8},"end":{"line":154,"column":8}}]}}},
"contracts\\interfaces\\GenericProxyFactory\\IGenericProxyFactory.sol":{"l":{},"path":"C:\\Blockchain\\Projects\\Gitcoin\\pooltogether-idle\\idle-pooltogether-2\\contracts\\interfaces\\GenericProxyFactory\\IGenericProxyFactory.sol","s":{},"b":{},"f":{},"fnMap":{},"statementMap":{},"branchMap":{}},
"contracts\\interfaces\\idle\\IIdleToken.sol":{"l":{},"path":"C:\\Blockchain\\Projects\\Gitcoin\\pooltogether-idle\\idle-pooltogether-2\\contracts\\interfaces\\idle\\IIdleToken.sol","s":{},"b":{},"f":{},"fnMap":{},"statementMap":{},"branchMap":{}},
"contracts\\interfaces\\idle\\IIdleTokenHelper.sol":{"l":{},"path":"C:\\Blockchain\\Projects\\Gitcoin\\pooltogether-idle\\idle-pooltogether-2\\contracts\\interfaces\\idle\\IIdleTokenHelper.sol","s":{},"b":{},"f":{},"fnMap":{},"statementMap":{},"branchMap":{}},
"contracts\\interfaces\\pooltogether\\IProtocolYieldSource.sol":{"l":{},"path":"C:\\Blockchain\\Projects\\Gitcoin\\pooltogether-idle\\idle-pooltogether-2\\contracts\\interfaces\\pooltogether\\IProtocolYieldSource.sol","s":{},"b":{},"f":{},"fnMap":{},"statementMap":{},"branchMap":{}},
"contracts\\interfaces\\pooltogether\\IYieldSource.sol":{"l":{},"path":"C:\\Blockchain\\Projects\\Gitcoin\\pooltogether-idle\\idle-pooltogether-2\\contracts\\interfaces\\pooltogether\\IYieldSource.sol","s":{},"b":{},"f":{},"fnMap":{},"statementMap":{},"branchMap":{}}}
