{
"contracts\\access\\AssetManager.sol":{"l":{"37":4,"44":4,"45":3,"55":1,"56":1,"57":1},"path":"C:\\Blockchain\\Projects\\Gitcoin\\pooltogether-idle\\idle-pooltogether-2\\contracts\\access\\AssetManager.sol","s":{"1":4,"2":4,"3":1,"4":1,"5":1},"b":{"1":[3,1]},"f":{"1":4,"2":4,"3":1},"fnMap":{"1":{"name":"assetManager","line":36,"loc":{"start":{"line":36,"column":4},"end":{"line":38,"column":4}}},"2":{"name":"onlyOwnerOrAssetManager","line":43,"loc":{"start":{"line":43,"column":4},"end":{"line":46,"column":4}}},"3":{"name":"setAssetManager","line":54,"loc":{"start":{"line":54,"column":4},"end":{"line":58,"column":4}}}},"statementMap":{"1":{"start":{"line":37,"column":8},"end":{"line":37,"column":28}},"2":{"start":{"line":44,"column":8},"end":{"line":44,"column":138}},"3":{"start":{"line":55,"column":8},"end":{"line":55,"column":38}},"4":{"start":{"line":56,"column":8},"end":{"line":56,"column":65}},"5":{"start":{"line":57,"column":8},"end":{"line":57,"column":19}}},"branchMap":{"1":{"line":44,"type":"if","locations":[{"start":{"line":44,"column":8},"end":{"line":44,"column":8}},{"start":{"line":44,"column":8},"end":{"line":44,"column":8}}]}}},
"contracts\\IdleYieldSource.sol":{"l":{"62":69,"71":69,"73":69,"74":69,"76":69,"82":2,"88":1,"89":1,"95":29,"101":12,"108":9,"109":9,"110":3,"112":6,"114":9,"121":7,"122":7,"123":1,"125":6,"127":7,"134":19,"135":19,"136":19,"137":19,"144":18,"145":18,"146":18,"147":18,"154":3,"155":3,"156":1,"157":1,"158":1,"159":1,"160":1,"161":1,"170":3,"171":2,"172":2,"179":1,"180":1},"path":"C:\\Blockchain\\Projects\\Gitcoin\\pooltogether-idle\\idle-pooltogether-2\\contracts\\IdleYieldSource.sol","s":{"1":69,"2":69,"3":69,"4":69,"5":69,"6":2,"7":1,"8":0,"9":1,"10":29,"11":12,"12":9,"13":9,"14":3,"15":6,"16":9,"17":7,"18":7,"19":1,"20":6,"21":7,"22":19,"23":19,"24":19,"25":19,"26":18,"27":18,"28":18,"29":18,"30":3,"31":3,"32":1,"33":1,"34":1,"35":1,"36":1,"37":1,"38":3,"39":2,"40":2,"41":1,"42":1},"b":{"1":[0,1],"2":[3,6],"3":[1,6],"4":[1,2],"5":[2,1]},"f":{"1":69,"2":69,"3":2,"4":1,"5":29,"6":12,"7":9,"8":7,"9":19,"10":18,"11":3,"12":3,"13":1},"fnMap":{"1":{"name":"constructor","line":58,"loc":{"start":{"line":58,"column":4},"end":{"line":63,"column":4}}},"2":{"name":"initialize","line":70,"loc":{"start":{"line":68,"column":4},"end":{"line":77,"column":4}}},"3":{"name":"depositToken","line":81,"loc":{"start":{"line":81,"column":4},"end":{"line":83,"column":4}}},"4":{"name":"balanceOfToken","line":87,"loc":{"start":{"line":87,"column":4},"end":{"line":90,"column":4}}},"5":{"name":"_totalShare","line":94,"loc":{"start":{"line":94,"column":4},"end":{"line":96,"column":4}}},"6":{"name":"_totalUnderlyingAssets","line":100,"loc":{"start":{"line":100,"column":4},"end":{"line":102,"column":4}}},"7":{"name":"_tokenToShares","line":107,"loc":{"start":{"line":107,"column":4},"end":{"line":115,"column":4}}},"8":{"name":"_sharesToToken","line":120,"loc":{"start":{"line":120,"column":4},"end":{"line":128,"column":4}}},"9":{"name":"_depositToIdle","line":133,"loc":{"start":{"line":133,"column":4},"end":{"line":138,"column":4}}},"10":{"name":"supplyTokenTo","line":143,"loc":{"start":{"line":143,"column":4},"end":{"line":148,"column":4}}},"11":{"name":"redeemToken","line":153,"loc":{"start":{"line":153,"column":4},"end":{"line":162,"column":4}}},"12":{"name":"transferERC20","line":169,"loc":{"start":{"line":169,"column":4},"end":{"line":173,"column":4}}},"13":{"name":"sponsor","line":178,"loc":{"start":{"line":178,"column":4},"end":{"line":181,"column":4}}}},"statementMap":{"1":{"start":{"line":62,"column":8},"end":{"line":62,"column":29}},"2":{"start":{"line":71,"column":8},"end":{"line":71,"column":23}},"3":{"start":{"line":73,"column":8},"end":{"line":73,"column":29}},"4":{"start":{"line":74,"column":8},"end":{"line":74,"column":54}},"5":{"start":{"line":76,"column":8},"end":{"line":76,"column":50}},"6":{"start":{"line":82,"column":8},"end":{"line":82,"column":32}},"7":{"start":{"line":88,"column":8},"end":{"line":88,"column":41}},"8":{"start":{"line":88,"column":33},"end":{"line":88,"column":41}},"9":{"start":{"line":89,"column":8},"end":{"line":89,"column":45}},"10":{"start":{"line":95,"column":8},"end":{"line":95,"column":61}},"11":{"start":{"line":101,"column":8},"end":{"line":101,"column":38}},"12":{"start":{"line":108,"column":8},"end":{"line":108,"column":26}},"13":{"start":{"line":109,"column":8},"end":{"line":109,"column":4017}},"14":{"start":{"line":110,"column":12},"end":{"line":110,"column":26}},"15":{"start":{"line":112,"column":12},"end":{"line":112,"column":75}},"16":{"start":{"line":114,"column":8},"end":{"line":114,"column":21}},"17":{"start":{"line":121,"column":8},"end":{"line":121,"column":26}},"18":{"start":{"line":122,"column":8},"end":{"line":122,"column":4486}},"19":{"start":{"line":123,"column":12},"end":{"line":123,"column":26}},"20":{"start":{"line":125,"column":12},"end":{"line":125,"column":75}},"21":{"start":{"line":127,"column":8},"end":{"line":127,"column":21}},"22":{"start":{"line":134,"column":8},"end":{"line":134,"column":97}},"23":{"start":{"line":135,"column":8},"end":{"line":135,"column":76}},"24":{"start":{"line":136,"column":8},"end":{"line":136,"column":97}},"25":{"start":{"line":137,"column":8},"end":{"line":137,"column":27}},"26":{"start":{"line":144,"column":8},"end":{"line":144,"column":57}},"27":{"start":{"line":145,"column":8},"end":{"line":145,"column":52}},"28":{"start":{"line":146,"column":8},"end":{"line":146,"column":68}},"29":{"start":{"line":147,"column":8},"end":{"line":147,"column":70}},"30":{"start":{"line":154,"column":8},"end":{"line":154,"column":57}},"31":{"start":{"line":155,"column":8},"end":{"line":155,"column":88}},"32":{"start":{"line":156,"column":8},"end":{"line":156,"column":91}},"33":{"start":{"line":157,"column":8},"end":{"line":157,"column":66}},"34":{"start":{"line":158,"column":8},"end":{"line":158,"column":70}},"35":{"start":{"line":159,"column":8},"end":{"line":159,"column":91}},"36":{"start":{"line":160,"column":8},"end":{"line":160,"column":64}},"37":{"start":{"line":161,"column":8},"end":{"line":161,"column":38}},"38":{"start":{"line":170,"column":8},"end":{"line":170,"column":112}},"39":{"start":{"line":171,"column":8},"end":{"line":171,"column":42}},"40":{"start":{"line":172,"column":8},"end":{"line":172,"column":65}},"41":{"start":{"line":179,"column":8},"end":{"line":179,"column":29}},"42":{"start":{"line":180,"column":8},"end":{"line":180,"column":42}}},"branchMap":{"1":{"line":88,"type":"if","locations":[{"start":{"line":88,"column":8},"end":{"line":88,"column":8}},{"start":{"line":88,"column":8},"end":{"line":88,"column":8}}]},"2":{"line":109,"type":"if","locations":[{"start":{"line":109,"column":8},"end":{"line":109,"column":8}},{"start":{"line":109,"column":8},"end":{"line":109,"column":8}}]},"3":{"line":122,"type":"if","locations":[{"start":{"line":122,"column":8},"end":{"line":122,"column":8}},{"start":{"line":122,"column":8},"end":{"line":122,"column":8}}]},"4":{"line":155,"type":"if","locations":[{"start":{"line":155,"column":8},"end":{"line":155,"column":8}},{"start":{"line":155,"column":8},"end":{"line":155,"column":8}}]},"5":{"line":170,"type":"if","locations":[{"start":{"line":170,"column":8},"end":{"line":170,"column":8}},{"start":{"line":170,"column":8},"end":{"line":170,"column":8}}]}}},
"contracts\\interfaces\\GenericProxyFactory\\IGenericProxyFactory.sol":{"l":{},"path":"C:\\Blockchain\\Projects\\Gitcoin\\pooltogether-idle\\idle-pooltogether-2\\contracts\\interfaces\\GenericProxyFactory\\IGenericProxyFactory.sol","s":{},"b":{},"f":{},"fnMap":{},"statementMap":{},"branchMap":{}},
"contracts\\interfaces\\idle\\IIdleToken.sol":{"l":{},"path":"C:\\Blockchain\\Projects\\Gitcoin\\pooltogether-idle\\idle-pooltogether-2\\contracts\\interfaces\\idle\\IIdleToken.sol","s":{},"b":{},"f":{},"fnMap":{},"statementMap":{},"branchMap":{}},
"contracts\\interfaces\\idle\\IIdleTokenHelper.sol":{"l":{},"path":"C:\\Blockchain\\Projects\\Gitcoin\\pooltogether-idle\\idle-pooltogether-2\\contracts\\interfaces\\idle\\IIdleTokenHelper.sol","s":{},"b":{},"f":{},"fnMap":{},"statementMap":{},"branchMap":{}},
"contracts\\interfaces\\pooltogether\\IProtocolYieldSource.sol":{"l":{},"path":"C:\\Blockchain\\Projects\\Gitcoin\\pooltogether-idle\\idle-pooltogether-2\\contracts\\interfaces\\pooltogether\\IProtocolYieldSource.sol","s":{},"b":{},"f":{},"fnMap":{},"statementMap":{},"branchMap":{}},
"contracts\\interfaces\\pooltogether\\IYieldSource.sol":{"l":{},"path":"C:\\Blockchain\\Projects\\Gitcoin\\pooltogether-idle\\idle-pooltogether-2\\contracts\\interfaces\\pooltogether\\IYieldSource.sol","s":{},"b":{},"f":{},"fnMap":{},"statementMap":{},"branchMap":{}}}
