TN:
SF:C:\Blockchain\Projects\Gitcoin\pooltogether-idle\idle-pooltogether-2\contracts\IdleYieldSource.sol
FN:58,initialize
FN:71,depositToken
FN:77,balanceOfToken
FN:83,_totalShare
FN:90,_tokenToShares
FN:97,_sharesToToken
FN:103,_price
FN:110,_depositToIdle
FN:118,supplyTokenTo
FN:128,redeemToken
FN:141,transferERC20
FN:150,sponsor
FNF:12
FNH:12
FNDA:24,initialize
FNDA:2,depositToken
FNDA:2,balanceOfToken
FNDA:1,_totalShare
FNDA:14,_tokenToShares
FNDA:7,_sharesToToken
FNDA:21,_price
FNDA:4,_depositToIdle
FNDA:3,supplyTokenTo
FNDA:3,redeemToken
FNDA:3,transferERC20
FNDA:2,sponsor
DA:60,24
DA:62,24
DA:63,24
DA:65,24
DA:66,24
DA:72,2
DA:78,2
DA:84,1
DA:91,14
DA:98,7
DA:104,21
DA:111,4
DA:112,4
DA:119,3
DA:120,2
DA:121,2
DA:122,2
DA:129,3
DA:130,3
DA:131,1
DA:132,1
DA:133,1
DA:142,3
DA:143,2
DA:144,2
DA:151,2
DA:152,1
LF:27
LH:27
BRDA:142,1,0,2
BRDA:142,1,1,1
BRF:2
BRH:2
end_of_record
TN:
SF:C:\Blockchain\Projects\Gitcoin\pooltogether-idle\idle-pooltogether-2\contracts\interfaces\GenericProxyFactory\IGenericProxyFactory.sol
FNF:0
FNH:0
LF:0
LH:0
BRF:0
BRH:0
end_of_record
TN:
SF:C:\Blockchain\Projects\Gitcoin\pooltogether-idle\idle-pooltogether-2\contracts\interfaces\idle\IIdleToken.sol
FNF:0
FNH:0
LF:0
LH:0
BRF:0
BRH:0
end_of_record
TN:
SF:C:\Blockchain\Projects\Gitcoin\pooltogether-idle\idle-pooltogether-2\contracts\interfaces\idle\IIdleTokenHelper.sol
FNF:0
FNH:0
LF:0
LH:0
BRF:0
BRH:0
end_of_record
TN:
SF:C:\Blockchain\Projects\Gitcoin\pooltogether-idle\idle-pooltogether-2\contracts\interfaces\pooltogether\IProtocolYieldSource.sol
FNF:0
FNH:0
LF:0
LH:0
BRF:0
BRH:0
end_of_record
TN:
SF:C:\Blockchain\Projects\Gitcoin\pooltogether-idle\idle-pooltogether-2\contracts\interfaces\pooltogether\IYieldSource.sol
FNF:0
FNH:0
LF:0
LH:0
BRF:0
BRH:0
end_of_record
