TN:
SF:C:\Blockchain\Projects\Gitcoin\pooltogether-idle\idle-pooltogether-2\contracts\IdleYieldSource.sol
FN:60,initialize
FN:73,depositToken
FN:79,balanceOfToken
FN:86,_totalShare
FN:93,_tokenToShares
FN:106,_sharesToToken
FN:119,_depositToIdle
FN:128,supplyTokenTo
FN:138,redeemToken
FN:153,transferERC20
FN:162,sponsor
FNF:11
FNH:11
FNDA:24,initialize
FNDA:2,depositToken
FNDA:2,balanceOfToken
FNDA:33,_totalShare
FNDA:11,_tokenToShares
FNDA:7,_sharesToToken
FNDA:5,_depositToIdle
FNDA:3,supplyTokenTo
FNDA:3,redeemToken
FNDA:3,transferERC20
FNDA:2,sponsor
DA:62,24
DA:64,24
DA:65,24
DA:67,24
DA:68,24
DA:74,2
DA:80,2
DA:81,2
DA:87,33
DA:94,11
DA:95,11
DA:96,3
DA:98,8
DA:100,11
DA:107,7
DA:108,7
DA:109,1
DA:111,6
DA:113,7
DA:120,5
DA:121,4
DA:122,3
DA:129,3
DA:130,2
DA:131,2
DA:132,2
DA:139,3
DA:140,3
DA:141,1
DA:142,1
DA:143,1
DA:144,1
DA:145,1
DA:154,3
DA:155,2
DA:156,2
DA:163,2
DA:164,1
LF:38
LH:38
BRDA:80,1,0,0
BRDA:80,1,1,2
BRDA:95,2,0,3
BRDA:95,2,1,8
BRDA:108,3,0,1
BRDA:108,3,1,6
BRDA:154,4,0,2
BRDA:154,4,1,1
BRF:8
BRH:7
end_of_record
TN:
SF:C:\Blockchain\Projects\Gitcoin\pooltogether-idle\idle-pooltogether-2\contracts\interfaces\GenericProxyFactory\IGenericProxyFactory.sol
FNF:0
FNH:0
LF:0
LH:0
BRF:0
BRH:0
end_of_record
TN:
SF:C:\Blockchain\Projects\Gitcoin\pooltogether-idle\idle-pooltogether-2\contracts\interfaces\idle\IIdleToken.sol
FNF:0
FNH:0
LF:0
LH:0
BRF:0
BRH:0
end_of_record
TN:
SF:C:\Blockchain\Projects\Gitcoin\pooltogether-idle\idle-pooltogether-2\contracts\interfaces\idle\IIdleTokenHelper.sol
FNF:0
FNH:0
LF:0
LH:0
BRF:0
BRH:0
end_of_record
TN:
SF:C:\Blockchain\Projects\Gitcoin\pooltogether-idle\idle-pooltogether-2\contracts\interfaces\pooltogether\IProtocolYieldSource.sol
FNF:0
FNH:0
LF:0
LH:0
BRF:0
BRH:0
end_of_record
TN:
SF:C:\Blockchain\Projects\Gitcoin\pooltogether-idle\idle-pooltogether-2\contracts\interfaces\pooltogether\IYieldSource.sol
FNF:0
FNH:0
LF:0
LH:0
BRF:0
BRH:0
end_of_record
