TN:
SF:C:\Blockchain\Projects\Gitcoin\pooltogether-idle\idle-pooltogether-2\contracts\IdleYieldSource.sol
FN:60,initialize
FN:71,depositToken
FN:77,balanceOfToken
FN:84,_totalShare
FN:91,_tokenToShares
FN:104,_sharesToToken
FN:117,_depositToIdle
FN:126,supplyTokenTo
FN:136,redeemToken
FN:150,sponsor
FNF:10
FNH:10
FNDA:20,initialize
FNDA:2,depositToken
FNDA:2,balanceOfToken
FNDA:33,_totalShare
FNDA:11,_tokenToShares
FNDA:7,_sharesToToken
FNDA:5,_depositToIdle
FNDA:3,supplyTokenTo
FNDA:3,redeemToken
FNDA:2,sponsor
DA:62,20
DA:63,20
DA:65,20
DA:66,20
DA:72,2
DA:78,2
DA:79,2
DA:85,33
DA:92,11
DA:93,11
DA:94,3
DA:96,8
DA:98,11
DA:105,7
DA:106,7
DA:107,1
DA:109,6
DA:111,7
DA:118,5
DA:119,4
DA:120,3
DA:127,3
DA:128,2
DA:129,2
DA:130,2
DA:137,3
DA:138,3
DA:139,1
DA:140,1
DA:141,1
DA:142,1
DA:143,1
DA:144,1
DA:151,2
DA:152,1
LF:35
LH:35
BRDA:78,1,0,0
BRDA:78,1,1,2
BRDA:93,2,0,3
BRDA:93,2,1,8
BRDA:106,3,0,1
BRDA:106,3,1,6
BRDA:138,4,0,1
BRDA:138,4,1,2
BRF:8
BRH:7
end_of_record
TN:
SF:C:\Blockchain\Projects\Gitcoin\pooltogether-idle\idle-pooltogether-2\contracts\interfaces\GenericProxyFactory\IGenericProxyFactory.sol
FNF:0
FNH:0
LF:0
LH:0
BRF:0
BRH:0
end_of_record
TN:
SF:C:\Blockchain\Projects\Gitcoin\pooltogether-idle\idle-pooltogether-2\contracts\interfaces\idle\IIdleToken.sol
FNF:0
FNH:0
LF:0
LH:0
BRF:0
BRH:0
end_of_record
TN:
SF:C:\Blockchain\Projects\Gitcoin\pooltogether-idle\idle-pooltogether-2\contracts\interfaces\idle\IIdleTokenHelper.sol
FNF:0
FNH:0
LF:0
LH:0
BRF:0
BRH:0
end_of_record
TN:
SF:C:\Blockchain\Projects\Gitcoin\pooltogether-idle\idle-pooltogether-2\contracts\interfaces\pooltogether\IProtocolYieldSource.sol
FNF:0
FNH:0
LF:0
LH:0
BRF:0
BRH:0
end_of_record
TN:
SF:C:\Blockchain\Projects\Gitcoin\pooltogether-idle\idle-pooltogether-2\contracts\interfaces\pooltogether\IYieldSource.sol
FNF:0
FNH:0
LF:0
LH:0
BRF:0
BRH:0
end_of_record
